2020-04-13 04:12:47.926  INFO 14004 --- [main] t.esprit.spring.PiSpringBootApplication  : Starting PiSpringBootApplication on DESKTOP-6U21ERI with PID 14004 (C:\Users\SAIFOUN\Desktop\SPRING_PROJECT\PI_SPRING_BOOT\target\classes started by SAIFOUN in C:\Users\SAIFOUN\Desktop\SPRING_PROJECT\PI_SPRING_BOOT)
2020-04-13 04:12:48.031  INFO 14004 --- [main] t.esprit.spring.PiSpringBootApplication  : No active profile set, falling back to default profiles: default
2020-04-13 04:12:52.491  INFO 14004 --- [main] .s.d.r.c.RepositoryConfigurationDelegate : Bootstrapping Spring Data JPA repositories in DEFAULT mode.
2020-04-13 04:12:52.861  INFO 14004 --- [main] .s.d.r.c.RepositoryConfigurationDelegate : Finished Spring Data repository scanning in 270ms. Found 3 JPA repository interfaces.
2020-04-13 04:12:54.951  INFO 14004 --- [main] o.s.b.w.embedded.tomcat.TomcatWebServer  : Tomcat initialized with port(s): 8082 (http)
2020-04-13 04:12:55.071  INFO 14004 --- [main] o.apache.catalina.core.StandardService   : Starting service [Tomcat]
2020-04-13 04:12:55.071  INFO 14004 --- [main] org.apache.catalina.core.StandardEngine  : Starting Servlet engine: [Apache Tomcat/9.0.31]
2020-04-13 04:12:55.411  INFO 14004 --- [main] o.a.c.c.C.[.[localhost].[/SpringMVC]     : Initializing Spring embedded WebApplicationContext
2020-04-13 04:12:55.411  INFO 14004 --- [main] o.s.web.context.ContextLoader            : Root WebApplicationContext: initialization completed in 6980 ms
2020-04-13 04:12:56.251  INFO 14004 --- [main] com.zaxxer.hikari.HikariDataSource       : HikariPool-1 - Starting...
2020-04-13 04:12:58.321  INFO 14004 --- [main] com.zaxxer.hikari.HikariDataSource       : HikariPool-1 - Start completed.
2020-04-13 04:12:58.811  INFO 14004 --- [main] o.hibernate.jpa.internal.util.LogHelper  : HHH000204: Processing PersistenceUnitInfo [
	name: default
	...]
2020-04-13 04:12:59.511  INFO 14004 --- [main] org.hibernate.Version                    : HHH000412: Hibernate Core {5.3.15.Final}
2020-04-13 04:12:59.516  INFO 14004 --- [main] org.hibernate.cfg.Environment            : HHH000206: hibernate.properties not found
2020-04-13 04:13:00.091  INFO 14004 --- [main] o.hibernate.annotations.common.Version   : HCANN000001: Hibernate Commons Annotations {5.0.4.Final}
2020-04-13 04:13:00.716  INFO 14004 --- [main] org.hibernate.dialect.Dialect            : HHH000400: Using dialect: org.hibernate.dialect.MySQL5InnoDBDialect
2020-04-13 04:13:07.681  INFO 14004 --- [main] j.LocalContainerEntityManagerFactoryBean : Initialized JPA EntityManagerFactory for persistence unit 'default'
2020-04-13 04:13:08.761  INFO 14004 --- [main] o.h.h.i.QueryTranslatorFactoryInitiator  : HHH000397: Using ASTQueryTranslatorFactory
2020-04-13 04:13:09.741  INFO 14004 --- [main] o.s.s.concurrent.ThreadPoolTaskExecutor  : Initializing ExecutorService 'applicationTaskExecutor'
2020-04-13 04:13:10.101  WARN 14004 --- [main] aWebConfiguration$JpaWebMvcConfiguration : spring.jpa.open-in-view is enabled by default. Therefore, database queries may be performed during view rendering. Explicitly configure spring.jpa.open-in-view to disable this warning
2020-04-13 04:13:10.881  INFO 14004 --- [main] o.s.b.w.embedded.tomcat.TomcatWebServer  : Tomcat started on port(s): 8082 (http) with context path '/SpringMVC'
2020-04-13 04:13:10.891  INFO 14004 --- [main] t.esprit.spring.PiSpringBootApplication  : Started PiSpringBootApplication in 25.8 seconds (JVM running for 31.942)
2020-04-13 06:03:18.725  INFO 10180 --- [main] t.esprit.spring.PiSpringBootApplication  : Starting PiSpringBootApplication on DESKTOP-6U21ERI with PID 10180 (C:\Users\SAIFOUN\Desktop\SPRING_PROJECT\PI_SPRING_BOOT\target\classes started by SAIFOUN in C:\Users\SAIFOUN\Desktop\SPRING_PROJECT\PI_SPRING_BOOT)
2020-04-13 06:03:18.725  INFO 10180 --- [main] t.esprit.spring.PiSpringBootApplication  : No active profile set, falling back to default profiles: default
2020-04-13 06:03:22.300  INFO 10180 --- [main] .s.d.r.c.RepositoryConfigurationDelegate : Bootstrapping Spring Data JPA repositories in DEFAULT mode.
2020-04-13 06:03:22.470  INFO 10180 --- [main] .s.d.r.c.RepositoryConfigurationDelegate : Finished Spring Data repository scanning in 140ms. Found 3 JPA repository interfaces.
2020-04-13 06:03:23.720  INFO 10180 --- [main] o.s.b.w.embedded.tomcat.TomcatWebServer  : Tomcat initialized with port(s): 8082 (http)
2020-04-13 06:03:23.770  INFO 10180 --- [main] o.apache.catalina.core.StandardService   : Starting service [Tomcat]
2020-04-13 06:03:23.770  INFO 10180 --- [main] org.apache.catalina.core.StandardEngine  : Starting Servlet engine: [Apache Tomcat/9.0.31]
2020-04-13 06:03:24.059  INFO 10180 --- [main] o.a.c.c.C.[.[localhost].[/SpringMVC]     : Initializing Spring embedded WebApplicationContext
2020-04-13 06:03:24.059  INFO 10180 --- [main] o.s.web.context.ContextLoader            : Root WebApplicationContext: initialization completed in 5199 ms
2020-04-13 06:03:24.710  INFO 10180 --- [main] com.zaxxer.hikari.HikariDataSource       : HikariPool-1 - Starting...
2020-04-13 06:03:24.995  INFO 10180 --- [main] com.zaxxer.hikari.HikariDataSource       : HikariPool-1 - Start completed.
2020-04-13 06:03:25.235  INFO 10180 --- [main] o.hibernate.jpa.internal.util.LogHelper  : HHH000204: Processing PersistenceUnitInfo [
	name: default
	...]
2020-04-13 06:03:25.815  INFO 10180 --- [main] org.hibernate.Version                    : HHH000412: Hibernate Core {5.3.15.Final}
2020-04-13 06:03:25.820  INFO 10180 --- [main] org.hibernate.cfg.Environment            : HHH000206: hibernate.properties not found
2020-04-13 06:03:26.350  INFO 10180 --- [main] o.hibernate.annotations.common.Version   : HCANN000001: Hibernate Commons Annotations {5.0.4.Final}
2020-04-13 06:03:26.761  INFO 10180 --- [main] org.hibernate.dialect.Dialect            : HHH000400: Using dialect: org.hibernate.dialect.MySQL5InnoDBDialect
2020-04-13 06:03:28.370  INFO 10180 --- [main] j.LocalContainerEntityManagerFactoryBean : Initialized JPA EntityManagerFactory for persistence unit 'default'
2020-04-13 06:03:29.249  INFO 10180 --- [main] o.h.h.i.QueryTranslatorFactoryInitiator  : HHH000397: Using ASTQueryTranslatorFactory
2020-04-13 06:03:29.729  INFO 10180 --- [main] o.s.s.concurrent.ThreadPoolTaskExecutor  : Initializing ExecutorService 'applicationTaskExecutor'
2020-04-13 06:03:29.815  WARN 10180 --- [main] aWebConfiguration$JpaWebMvcConfiguration : spring.jpa.open-in-view is enabled by default. Therefore, database queries may be performed during view rendering. Explicitly configure spring.jpa.open-in-view to disable this warning
2020-04-13 06:03:30.060 ERROR 10180 --- [main] org.apache.catalina.util.LifecycleBase   : Failed to start component [Connector[HTTP/1.1-8082]]

org.apache.catalina.LifecycleException: Protocol handler start failed
	at org.apache.catalina.connector.Connector.startInternal(Connector.java:1038) ~[tomcat-embed-core-9.0.31.jar:9.0.31]
	at org.apache.catalina.util.LifecycleBase.start(LifecycleBase.java:183) ~[tomcat-embed-core-9.0.31.jar:9.0.31]
	at org.apache.catalina.core.StandardService.addConnector(StandardService.java:227) [tomcat-embed-core-9.0.31.jar:9.0.31]
	at org.springframework.boot.web.embedded.tomcat.TomcatWebServer.addPreviouslyRemovedConnectors(TomcatWebServer.java:263) [spring-boot-2.1.14.BUILD-SNAPSHOT.jar:2.1.14.BUILD-SNAPSHOT]
	at org.springframework.boot.web.embedded.tomcat.TomcatWebServer.start(TomcatWebServer.java:195) [spring-boot-2.1.14.BUILD-SNAPSHOT.jar:2.1.14.BUILD-SNAPSHOT]
	at org.springframework.boot.web.servlet.context.ServletWebServerApplicationContext.startWebServer(ServletWebServerApplicationContext.java:297) [spring-boot-2.1.14.BUILD-SNAPSHOT.jar:2.1.14.BUILD-SNAPSHOT]
	at org.springframework.boot.web.servlet.context.ServletWebServerApplicationContext.finishRefresh(ServletWebServerApplicationContext.java:163) [spring-boot-2.1.14.BUILD-SNAPSHOT.jar:2.1.14.BUILD-SNAPSHOT]
	at org.springframework.context.support.AbstractApplicationContext.refresh(AbstractApplicationContext.java:552) [spring-context-5.1.14.RELEASE.jar:5.1.14.RELEASE]
	at org.springframework.boot.web.servlet.context.ServletWebServerApplicationContext.refresh(ServletWebServerApplicationContext.java:141) [spring-boot-2.1.14.BUILD-SNAPSHOT.jar:2.1.14.BUILD-SNAPSHOT]
	at org.springframework.boot.SpringApplication.refresh(SpringApplication.java:744) [spring-boot-2.1.14.BUILD-SNAPSHOT.jar:2.1.14.BUILD-SNAPSHOT]
	at org.springframework.boot.SpringApplication.refreshContext(SpringApplication.java:391) [spring-boot-2.1.14.BUILD-SNAPSHOT.jar:2.1.14.BUILD-SNAPSHOT]
	at org.springframework.boot.SpringApplication.run(SpringApplication.java:312) [spring-boot-2.1.14.BUILD-SNAPSHOT.jar:2.1.14.BUILD-SNAPSHOT]
	at org.springframework.boot.SpringApplication.run(SpringApplication.java:1215) [spring-boot-2.1.14.BUILD-SNAPSHOT.jar:2.1.14.BUILD-SNAPSHOT]
	at org.springframework.boot.SpringApplication.run(SpringApplication.java:1204) [spring-boot-2.1.14.BUILD-SNAPSHOT.jar:2.1.14.BUILD-SNAPSHOT]
	at tn.esprit.spring.PiSpringBootApplication.main(PiSpringBootApplication.java:10) [classes/:na]
Caused by: java.net.BindException: Address already in use: bind
	at sun.nio.ch.Net.bind0(Native Method) ~[na:1.8.0_60]
	at sun.nio.ch.Net.bind(Net.java:433) ~[na:1.8.0_60]
	at sun.nio.ch.Net.bind(Net.java:425) ~[na:1.8.0_60]
	at sun.nio.ch.ServerSocketChannelImpl.bind(ServerSocketChannelImpl.java:223) ~[na:1.8.0_60]
	at sun.nio.ch.ServerSocketAdaptor.bind(ServerSocketAdaptor.java:74) ~[na:1.8.0_60]
	at org.apache.tomcat.util.net.NioEndpoint.initServerSocket(NioEndpoint.java:229) ~[tomcat-embed-core-9.0.31.jar:9.0.31]
	at org.apache.tomcat.util.net.NioEndpoint.bind(NioEndpoint.java:212) ~[tomcat-embed-core-9.0.31.jar:9.0.31]
	at org.apache.tomcat.util.net.AbstractEndpoint.bindWithCleanup(AbstractEndpoint.java:1141) ~[tomcat-embed-core-9.0.31.jar:9.0.31]
	at org.apache.tomcat.util.net.AbstractEndpoint.start(AbstractEndpoint.java:1227) ~[tomcat-embed-core-9.0.31.jar:9.0.31]
	at org.apache.coyote.AbstractProtocol.start(AbstractProtocol.java:592) ~[tomcat-embed-core-9.0.31.jar:9.0.31]
	at org.apache.catalina.connector.Connector.startInternal(Connector.java:1035) ~[tomcat-embed-core-9.0.31.jar:9.0.31]
	... 14 common frames omitted

2020-04-13 06:03:30.064  INFO 10180 --- [main] o.apache.catalina.core.StandardService   : Stopping service [Tomcat]
2020-04-13 06:03:30.075  INFO 10180 --- [main] ConditionEvaluationReportLoggingListener : 

Error starting ApplicationContext. To display the conditions report re-run your application with 'debug' enabled.
2020-04-13 06:03:30.100 ERROR 10180 --- [main] o.s.b.d.LoggingFailureAnalysisReporter   : 

***************************
APPLICATION FAILED TO START
***************************

Description:

The Tomcat connector configured to listen on port 8082 failed to start. The port may already be in use or the connector may be misconfigured.

Action:

Verify the connector's configuration, identify and stop any process that's listening on port 8082, or configure this application to listen on another port.

2020-04-13 06:03:30.110  INFO 10180 --- [main] o.s.s.concurrent.ThreadPoolTaskExecutor  : Shutting down ExecutorService 'applicationTaskExecutor'
2020-04-13 06:03:30.110  INFO 10180 --- [main] j.LocalContainerEntityManagerFactoryBean : Closing JPA EntityManagerFactory for persistence unit 'default'
2020-04-13 06:03:30.115  INFO 10180 --- [main] com.zaxxer.hikari.HikariDataSource       : HikariPool-1 - Shutdown initiated...
2020-04-13 06:03:30.125  INFO 10180 --- [main] com.zaxxer.hikari.HikariDataSource       : HikariPool-1 - Shutdown completed.
2020-04-13 06:06:46.415  INFO 18736 --- [main] t.esprit.spring.PiSpringBootApplication  : Starting PiSpringBootApplication on DESKTOP-6U21ERI with PID 18736 (C:\Users\SAIFOUN\Desktop\SPRING_PROJECT\PI_SPRING_BOOT\target\classes started by SAIFOUN in C:\Users\SAIFOUN\Desktop\SPRING_PROJECT\PI_SPRING_BOOT)
2020-04-13 06:06:46.420  INFO 18736 --- [main] t.esprit.spring.PiSpringBootApplication  : No active profile set, falling back to default profiles: default
2020-04-13 06:06:47.240  INFO 18736 --- [main] .s.d.r.c.RepositoryConfigurationDelegate : Bootstrapping Spring Data JPA repositories in DEFAULT mode.
2020-04-13 06:06:47.350  INFO 18736 --- [main] .s.d.r.c.RepositoryConfigurationDelegate : Finished Spring Data repository scanning in 100ms. Found 3 JPA repository interfaces.
2020-04-13 06:06:47.990  INFO 18736 --- [main] o.s.b.w.embedded.tomcat.TomcatWebServer  : Tomcat initialized with port(s): 8082 (http)
2020-04-13 06:06:48.020  INFO 18736 --- [main] o.apache.catalina.core.StandardService   : Starting service [Tomcat]
2020-04-13 06:06:48.020  INFO 18736 --- [main] org.apache.catalina.core.StandardEngine  : Starting Servlet engine: [Apache Tomcat/9.0.31]
2020-04-13 06:06:48.180  INFO 18736 --- [main] o.a.c.c.C.[.[localhost].[/SpringMVC]     : Initializing Spring embedded WebApplicationContext
2020-04-13 06:06:48.180  INFO 18736 --- [main] o.s.web.context.ContextLoader            : Root WebApplicationContext: initialization completed in 1710 ms
2020-04-13 06:06:48.370  INFO 18736 --- [main] com.zaxxer.hikari.HikariDataSource       : HikariPool-1 - Starting...
2020-04-13 06:06:48.580  INFO 18736 --- [main] com.zaxxer.hikari.HikariDataSource       : HikariPool-1 - Start completed.
2020-04-13 06:06:48.630  INFO 18736 --- [main] o.hibernate.jpa.internal.util.LogHelper  : HHH000204: Processing PersistenceUnitInfo [
	name: default
	...]
2020-04-13 06:06:48.710  INFO 18736 --- [main] org.hibernate.Version                    : HHH000412: Hibernate Core {5.3.15.Final}
2020-04-13 06:06:48.710  INFO 18736 --- [main] org.hibernate.cfg.Environment            : HHH000206: hibernate.properties not found
2020-04-13 06:06:48.960  INFO 18736 --- [main] o.hibernate.annotations.common.Version   : HCANN000001: Hibernate Commons Annotations {5.0.4.Final}
2020-04-13 06:06:49.090  INFO 18736 --- [main] org.hibernate.dialect.Dialect            : HHH000400: Using dialect: org.hibernate.dialect.MySQL5InnoDBDialect
2020-04-13 06:06:49.820  INFO 18736 --- [main] j.LocalContainerEntityManagerFactoryBean : Initialized JPA EntityManagerFactory for persistence unit 'default'
2020-04-13 06:06:50.120  INFO 18736 --- [main] o.h.h.i.QueryTranslatorFactoryInitiator  : HHH000397: Using ASTQueryTranslatorFactory
2020-04-13 06:06:50.430  INFO 18736 --- [main] o.s.s.concurrent.ThreadPoolTaskExecutor  : Initializing ExecutorService 'applicationTaskExecutor'
2020-04-13 06:06:50.470  WARN 18736 --- [main] aWebConfiguration$JpaWebMvcConfiguration : spring.jpa.open-in-view is enabled by default. Therefore, database queries may be performed during view rendering. Explicitly configure spring.jpa.open-in-view to disable this warning
2020-04-13 06:06:50.710  INFO 18736 --- [main] o.s.b.w.embedded.tomcat.TomcatWebServer  : Tomcat started on port(s): 8082 (http) with context path '/SpringMVC'
2020-04-13 06:06:50.710  INFO 18736 --- [main] t.esprit.spring.PiSpringBootApplication  : Started PiSpringBootApplication in 4.75 seconds (JVM running for 5.794)
2020-04-13 06:08:03.530  INFO 14224 --- [main] t.esprit.spring.PiSpringBootApplication  : Starting PiSpringBootApplication on DESKTOP-6U21ERI with PID 14224 (C:\Users\SAIFOUN\Desktop\SPRING_PROJECT\PI_SPRING_BOOT\target\classes started by SAIFOUN in C:\Users\SAIFOUN\Desktop\SPRING_PROJECT\PI_SPRING_BOOT)
2020-04-13 06:08:03.530  INFO 14224 --- [main] t.esprit.spring.PiSpringBootApplication  : No active profile set, falling back to default profiles: default
2020-04-13 06:08:04.307  INFO 14224 --- [main] .s.d.r.c.RepositoryConfigurationDelegate : Bootstrapping Spring Data JPA repositories in DEFAULT mode.
2020-04-13 06:08:04.380  INFO 14224 --- [main] .s.d.r.c.RepositoryConfigurationDelegate : Finished Spring Data repository scanning in 70ms. Found 3 JPA repository interfaces.
2020-04-13 06:08:04.930  INFO 14224 --- [main] o.s.b.w.embedded.tomcat.TomcatWebServer  : Tomcat initialized with port(s): 8082 (http)
2020-04-13 06:08:04.950  INFO 14224 --- [main] o.apache.catalina.core.StandardService   : Starting service [Tomcat]
2020-04-13 06:08:04.950  INFO 14224 --- [main] org.apache.catalina.core.StandardEngine  : Starting Servlet engine: [Apache Tomcat/9.0.31]
2020-04-13 06:08:05.050  INFO 14224 --- [main] o.a.c.c.C.[.[localhost].[/SpringMVC]     : Initializing Spring embedded WebApplicationContext
2020-04-13 06:08:05.060  INFO 14224 --- [main] o.s.web.context.ContextLoader            : Root WebApplicationContext: initialization completed in 1470 ms
2020-04-13 06:08:05.240  INFO 14224 --- [main] com.zaxxer.hikari.HikariDataSource       : HikariPool-1 - Starting...
2020-04-13 06:08:05.380  INFO 14224 --- [main] com.zaxxer.hikari.HikariDataSource       : HikariPool-1 - Start completed.
2020-04-13 06:08:05.425  INFO 14224 --- [main] o.hibernate.jpa.internal.util.LogHelper  : HHH000204: Processing PersistenceUnitInfo [
	name: default
	...]
2020-04-13 06:08:05.510  INFO 14224 --- [main] org.hibernate.Version                    : HHH000412: Hibernate Core {5.3.15.Final}
2020-04-13 06:08:05.510  INFO 14224 --- [main] org.hibernate.cfg.Environment            : HHH000206: hibernate.properties not found
2020-04-13 06:08:05.730  INFO 14224 --- [main] o.hibernate.annotations.common.Version   : HCANN000001: Hibernate Commons Annotations {5.0.4.Final}
2020-04-13 06:08:05.860  INFO 14224 --- [main] org.hibernate.dialect.Dialect            : HHH000400: Using dialect: org.hibernate.dialect.MySQL5InnoDBDialect
2020-04-13 06:08:10.740  INFO 14224 --- [main] o.h.t.schema.internal.SchemaCreatorImpl  : HHH000476: Executing import script 'org.hibernate.tool.schema.internal.exec.ScriptSourceInputNonExistentImpl@5348d83c'
2020-04-13 06:08:10.750  INFO 14224 --- [main] j.LocalContainerEntityManagerFactoryBean : Initialized JPA EntityManagerFactory for persistence unit 'default'
2020-04-13 06:08:11.060  INFO 14224 --- [main] o.h.h.i.QueryTranslatorFactoryInitiator  : HHH000397: Using ASTQueryTranslatorFactory
2020-04-13 06:08:11.350  INFO 14224 --- [main] o.s.s.concurrent.ThreadPoolTaskExecutor  : Initializing ExecutorService 'applicationTaskExecutor'
2020-04-13 06:08:11.380  WARN 14224 --- [main] aWebConfiguration$JpaWebMvcConfiguration : spring.jpa.open-in-view is enabled by default. Therefore, database queries may be performed during view rendering. Explicitly configure spring.jpa.open-in-view to disable this warning
2020-04-13 06:08:11.610  INFO 14224 --- [main] o.s.b.w.embedded.tomcat.TomcatWebServer  : Tomcat started on port(s): 8082 (http) with context path '/SpringMVC'
2020-04-13 06:08:11.610  INFO 14224 --- [main] t.esprit.spring.PiSpringBootApplication  : Started PiSpringBootApplication in 8.53 seconds (JVM running for 9.525)
2020-04-13 06:09:43.560  INFO 19152 --- [main] t.esprit.spring.PiSpringBootApplication  : Starting PiSpringBootApplication on DESKTOP-6U21ERI with PID 19152 (C:\Users\SAIFOUN\Desktop\SPRING_PROJECT\PI_SPRING_BOOT\target\classes started by SAIFOUN in C:\Users\SAIFOUN\Desktop\SPRING_PROJECT\PI_SPRING_BOOT)
2020-04-13 06:09:43.560  INFO 19152 --- [main] t.esprit.spring.PiSpringBootApplication  : No active profile set, falling back to default profiles: default
2020-04-13 06:09:44.250  INFO 19152 --- [main] .s.d.r.c.RepositoryConfigurationDelegate : Bootstrapping Spring Data JPA repositories in DEFAULT mode.
2020-04-13 06:09:44.320  INFO 19152 --- [main] .s.d.r.c.RepositoryConfigurationDelegate : Finished Spring Data repository scanning in 70ms. Found 3 JPA repository interfaces.
2020-04-13 06:09:44.860  INFO 19152 --- [main] o.s.b.w.embedded.tomcat.TomcatWebServer  : Tomcat initialized with port(s): 8082 (http)
2020-04-13 06:09:44.890  INFO 19152 --- [main] o.apache.catalina.core.StandardService   : Starting service [Tomcat]
2020-04-13 06:09:44.890  INFO 19152 --- [main] org.apache.catalina.core.StandardEngine  : Starting Servlet engine: [Apache Tomcat/9.0.31]
2020-04-13 06:09:45.015  INFO 19152 --- [main] o.a.c.c.C.[.[localhost].[/SpringMVC]     : Initializing Spring embedded WebApplicationContext
2020-04-13 06:09:45.015  INFO 19152 --- [main] o.s.web.context.ContextLoader            : Root WebApplicationContext: initialization completed in 1415 ms
2020-04-13 06:09:45.185  INFO 19152 --- [main] com.zaxxer.hikari.HikariDataSource       : HikariPool-1 - Starting...
2020-04-13 06:09:45.350  INFO 19152 --- [main] com.zaxxer.hikari.HikariDataSource       : HikariPool-1 - Start completed.
2020-04-13 06:09:45.415  INFO 19152 --- [main] o.hibernate.jpa.internal.util.LogHelper  : HHH000204: Processing PersistenceUnitInfo [
	name: default
	...]
2020-04-13 06:09:45.515  INFO 19152 --- [main] org.hibernate.Version                    : HHH000412: Hibernate Core {5.3.15.Final}
2020-04-13 06:09:45.515  INFO 19152 --- [main] org.hibernate.cfg.Environment            : HHH000206: hibernate.properties not found
2020-04-13 06:09:45.730  INFO 19152 --- [main] o.hibernate.annotations.common.Version   : HCANN000001: Hibernate Commons Annotations {5.0.4.Final}
2020-04-13 06:09:45.900  INFO 19152 --- [main] org.hibernate.dialect.Dialect            : HHH000400: Using dialect: org.hibernate.dialect.MySQL5InnoDBDialect
2020-04-13 06:09:46.730  WARN 19152 --- [main] o.h.t.s.i.ExceptionHandlerLoggedImpl     : GenerationTarget encountered exception accepting command : Error executing DDL "alter table user_dispo drop foreign key FKbu40t16581jlqekgj6bj9rdsn" via JDBC Statement

org.hibernate.tool.schema.spi.CommandAcceptanceException: Error executing DDL "alter table user_dispo drop foreign key FKbu40t16581jlqekgj6bj9rdsn" via JDBC Statement
	at org.hibernate.tool.schema.internal.exec.GenerationTargetToDatabase.accept(GenerationTargetToDatabase.java:67) ~[hibernate-core-5.3.15.Final.jar:5.3.15.Final]
	at org.hibernate.tool.schema.internal.SchemaDropperImpl.applySqlString(SchemaDropperImpl.java:375) [hibernate-core-5.3.15.Final.jar:5.3.15.Final]
	at org.hibernate.tool.schema.internal.SchemaDropperImpl.applySqlStrings(SchemaDropperImpl.java:359) [hibernate-core-5.3.15.Final.jar:5.3.15.Final]
	at org.hibernate.tool.schema.internal.SchemaDropperImpl.applyConstraintDropping(SchemaDropperImpl.java:331) [hibernate-core-5.3.15.Final.jar:5.3.15.Final]
	at org.hibernate.tool.schema.internal.SchemaDropperImpl.dropFromMetadata(SchemaDropperImpl.java:230) [hibernate-core-5.3.15.Final.jar:5.3.15.Final]
	at org.hibernate.tool.schema.internal.SchemaDropperImpl.performDrop(SchemaDropperImpl.java:154) [hibernate-core-5.3.15.Final.jar:5.3.15.Final]
	at org.hibernate.tool.schema.internal.SchemaDropperImpl.doDrop(SchemaDropperImpl.java:126) [hibernate-core-5.3.15.Final.jar:5.3.15.Final]
	at org.hibernate.tool.schema.internal.SchemaDropperImpl.doDrop(SchemaDropperImpl.java:112) [hibernate-core-5.3.15.Final.jar:5.3.15.Final]
	at org.hibernate.tool.schema.spi.SchemaManagementToolCoordinator.performDatabaseAction(SchemaManagementToolCoordinator.java:144) [hibernate-core-5.3.15.Final.jar:5.3.15.Final]
	at org.hibernate.tool.schema.spi.SchemaManagementToolCoordinator.process(SchemaManagementToolCoordinator.java:72) [hibernate-core-5.3.15.Final.jar:5.3.15.Final]
	at org.hibernate.internal.SessionFactoryImpl.<init>(SessionFactoryImpl.java:310) [hibernate-core-5.3.15.Final.jar:5.3.15.Final]
	at org.hibernate.boot.internal.SessionFactoryBuilderImpl.build(SessionFactoryBuilderImpl.java:467) [hibernate-core-5.3.15.Final.jar:5.3.15.Final]
	at org.hibernate.jpa.boot.internal.EntityManagerFactoryBuilderImpl.build(EntityManagerFactoryBuilderImpl.java:1250) [hibernate-core-5.3.15.Final.jar:5.3.15.Final]
	at org.springframework.orm.jpa.vendor.SpringHibernateJpaPersistenceProvider.createContainerEntityManagerFactory(SpringHibernateJpaPersistenceProvider.java:58) [spring-orm-5.1.14.RELEASE.jar:5.1.14.RELEASE]
	at org.springframework.orm.jpa.LocalContainerEntityManagerFactoryBean.createNativeEntityManagerFactory(LocalContainerEntityManagerFactoryBean.java:365) [spring-orm-5.1.14.RELEASE.jar:5.1.14.RELEASE]
	at org.springframework.orm.jpa.AbstractEntityManagerFactoryBean.buildNativeEntityManagerFactory(AbstractEntityManagerFactoryBean.java:391) [spring-orm-5.1.14.RELEASE.jar:5.1.14.RELEASE]
	at org.springframework.orm.jpa.AbstractEntityManagerFactoryBean.afterPropertiesSet(AbstractEntityManagerFactoryBean.java:378) [spring-orm-5.1.14.RELEASE.jar:5.1.14.RELEASE]
	at org.springframework.orm.jpa.LocalContainerEntityManagerFactoryBean.afterPropertiesSet(LocalContainerEntityManagerFactoryBean.java:341) [spring-orm-5.1.14.RELEASE.jar:5.1.14.RELEASE]
	at org.springframework.beans.factory.support.AbstractAutowireCapableBeanFactory.invokeInitMethods(AbstractAutowireCapableBeanFactory.java:1830) [spring-beans-5.1.14.RELEASE.jar:5.1.14.RELEASE]
	at org.springframework.beans.factory.support.AbstractAutowireCapableBeanFactory.initializeBean(AbstractAutowireCapableBeanFactory.java:1767) [spring-beans-5.1.14.RELEASE.jar:5.1.14.RELEASE]
	at org.springframework.beans.factory.support.AbstractAutowireCapableBeanFactory.doCreateBean(AbstractAutowireCapableBeanFactory.java:593) [spring-beans-5.1.14.RELEASE.jar:5.1.14.RELEASE]
	at org.springframework.beans.factory.support.AbstractAutowireCapableBeanFactory.createBean(AbstractAutowireCapableBeanFactory.java:515) [spring-beans-5.1.14.RELEASE.jar:5.1.14.RELEASE]
	at org.springframework.beans.factory.support.AbstractBeanFactory.lambda$doGetBean$0(AbstractBeanFactory.java:320) [spring-beans-5.1.14.RELEASE.jar:5.1.14.RELEASE]
	at org.springframework.beans.factory.support.DefaultSingletonBeanRegistry.getSingleton(DefaultSingletonBeanRegistry.java:222) ~[spring-beans-5.1.14.RELEASE.jar:5.1.14.RELEASE]
	at org.springframework.beans.factory.support.AbstractBeanFactory.doGetBean(AbstractBeanFactory.java:318) [spring-beans-5.1.14.RELEASE.jar:5.1.14.RELEASE]
	at org.springframework.beans.factory.support.AbstractBeanFactory.getBean(AbstractBeanFactory.java:199) [spring-beans-5.1.14.RELEASE.jar:5.1.14.RELEASE]
	at org.springframework.context.support.AbstractApplicationContext.getBean(AbstractApplicationContext.java:1105) ~[spring-context-5.1.14.RELEASE.jar:5.1.14.RELEASE]
	at org.springframework.context.support.AbstractApplicationContext.finishBeanFactoryInitialization(AbstractApplicationContext.java:867) ~[spring-context-5.1.14.RELEASE.jar:5.1.14.RELEASE]
	at org.springframework.context.support.AbstractApplicationContext.refresh(AbstractApplicationContext.java:549) ~[spring-context-5.1.14.RELEASE.jar:5.1.14.RELEASE]
	at org.springframework.boot.web.servlet.context.ServletWebServerApplicationContext.refresh(ServletWebServerApplicationContext.java:141) ~[spring-boot-2.1.14.BUILD-SNAPSHOT.jar:2.1.14.BUILD-SNAPSHOT]
	at org.springframework.boot.SpringApplication.refresh(SpringApplication.java:744) ~[spring-boot-2.1.14.BUILD-SNAPSHOT.jar:2.1.14.BUILD-SNAPSHOT]
	at org.springframework.boot.SpringApplication.refreshContext(SpringApplication.java:391) ~[spring-boot-2.1.14.BUILD-SNAPSHOT.jar:2.1.14.BUILD-SNAPSHOT]
	at org.springframework.boot.SpringApplication.run(SpringApplication.java:312) ~[spring-boot-2.1.14.BUILD-SNAPSHOT.jar:2.1.14.BUILD-SNAPSHOT]
	at org.springframework.boot.SpringApplication.run(SpringApplication.java:1215) ~[spring-boot-2.1.14.BUILD-SNAPSHOT.jar:2.1.14.BUILD-SNAPSHOT]
	at org.springframework.boot.SpringApplication.run(SpringApplication.java:1204) ~[spring-boot-2.1.14.BUILD-SNAPSHOT.jar:2.1.14.BUILD-SNAPSHOT]
	at tn.esprit.spring.PiSpringBootApplication.main(PiSpringBootApplication.java:10) ~[classes/:na]
Caused by: java.sql.SQLSyntaxErrorException: La table 'springdb.user_dispo' n'existe pas
	at com.mysql.cj.jdbc.exceptions.SQLError.createSQLException(SQLError.java:120) ~[mysql-connector-java-8.0.19.jar:8.0.19]
	at com.mysql.cj.jdbc.exceptions.SQLError.createSQLException(SQLError.java:97) ~[mysql-connector-java-8.0.19.jar:8.0.19]
	at com.mysql.cj.jdbc.exceptions.SQLExceptionsMapping.translateException(SQLExceptionsMapping.java:122) ~[mysql-connector-java-8.0.19.jar:8.0.19]
	at com.mysql.cj.jdbc.StatementImpl.executeInternal(StatementImpl.java:764) ~[mysql-connector-java-8.0.19.jar:8.0.19]
	at com.mysql.cj.jdbc.StatementImpl.execute(StatementImpl.java:648) ~[mysql-connector-java-8.0.19.jar:8.0.19]
	at com.zaxxer.hikari.pool.ProxyStatement.execute(ProxyStatement.java:95) ~[HikariCP-3.2.0.jar:na]
	at com.zaxxer.hikari.pool.HikariProxyStatement.execute(HikariProxyStatement.java) ~[HikariCP-3.2.0.jar:na]
	at org.hibernate.tool.schema.internal.exec.GenerationTargetToDatabase.accept(GenerationTargetToDatabase.java:54) ~[hibernate-core-5.3.15.Final.jar:5.3.15.Final]
	... 35 common frames omitted

2020-04-13 06:09:46.730  WARN 19152 --- [main] o.h.t.s.i.ExceptionHandlerLoggedImpl     : GenerationTarget encountered exception accepting command : Error executing DDL "alter table user_dispo drop foreign key FKi2uk14g70mjvg9kacc18xddg6" via JDBC Statement

org.hibernate.tool.schema.spi.CommandAcceptanceException: Error executing DDL "alter table user_dispo drop foreign key FKi2uk14g70mjvg9kacc18xddg6" via JDBC Statement
	at org.hibernate.tool.schema.internal.exec.GenerationTargetToDatabase.accept(GenerationTargetToDatabase.java:67) ~[hibernate-core-5.3.15.Final.jar:5.3.15.Final]
	at org.hibernate.tool.schema.internal.SchemaDropperImpl.applySqlString(SchemaDropperImpl.java:375) [hibernate-core-5.3.15.Final.jar:5.3.15.Final]
	at org.hibernate.tool.schema.internal.SchemaDropperImpl.applySqlStrings(SchemaDropperImpl.java:359) [hibernate-core-5.3.15.Final.jar:5.3.15.Final]
	at org.hibernate.tool.schema.internal.SchemaDropperImpl.applyConstraintDropping(SchemaDropperImpl.java:331) [hibernate-core-5.3.15.Final.jar:5.3.15.Final]
	at org.hibernate.tool.schema.internal.SchemaDropperImpl.dropFromMetadata(SchemaDropperImpl.java:230) [hibernate-core-5.3.15.Final.jar:5.3.15.Final]
	at org.hibernate.tool.schema.internal.SchemaDropperImpl.performDrop(SchemaDropperImpl.java:154) [hibernate-core-5.3.15.Final.jar:5.3.15.Final]
	at org.hibernate.tool.schema.internal.SchemaDropperImpl.doDrop(SchemaDropperImpl.java:126) [hibernate-core-5.3.15.Final.jar:5.3.15.Final]
	at org.hibernate.tool.schema.internal.SchemaDropperImpl.doDrop(SchemaDropperImpl.java:112) [hibernate-core-5.3.15.Final.jar:5.3.15.Final]
	at org.hibernate.tool.schema.spi.SchemaManagementToolCoordinator.performDatabaseAction(SchemaManagementToolCoordinator.java:144) [hibernate-core-5.3.15.Final.jar:5.3.15.Final]
	at org.hibernate.tool.schema.spi.SchemaManagementToolCoordinator.process(SchemaManagementToolCoordinator.java:72) [hibernate-core-5.3.15.Final.jar:5.3.15.Final]
	at org.hibernate.internal.SessionFactoryImpl.<init>(SessionFactoryImpl.java:310) [hibernate-core-5.3.15.Final.jar:5.3.15.Final]
	at org.hibernate.boot.internal.SessionFactoryBuilderImpl.build(SessionFactoryBuilderImpl.java:467) [hibernate-core-5.3.15.Final.jar:5.3.15.Final]
	at org.hibernate.jpa.boot.internal.EntityManagerFactoryBuilderImpl.build(EntityManagerFactoryBuilderImpl.java:1250) [hibernate-core-5.3.15.Final.jar:5.3.15.Final]
	at org.springframework.orm.jpa.vendor.SpringHibernateJpaPersistenceProvider.createContainerEntityManagerFactory(SpringHibernateJpaPersistenceProvider.java:58) [spring-orm-5.1.14.RELEASE.jar:5.1.14.RELEASE]
	at org.springframework.orm.jpa.LocalContainerEntityManagerFactoryBean.createNativeEntityManagerFactory(LocalContainerEntityManagerFactoryBean.java:365) [spring-orm-5.1.14.RELEASE.jar:5.1.14.RELEASE]
	at org.springframework.orm.jpa.AbstractEntityManagerFactoryBean.buildNativeEntityManagerFactory(AbstractEntityManagerFactoryBean.java:391) [spring-orm-5.1.14.RELEASE.jar:5.1.14.RELEASE]
	at org.springframework.orm.jpa.AbstractEntityManagerFactoryBean.afterPropertiesSet(AbstractEntityManagerFactoryBean.java:378) [spring-orm-5.1.14.RELEASE.jar:5.1.14.RELEASE]
	at org.springframework.orm.jpa.LocalContainerEntityManagerFactoryBean.afterPropertiesSet(LocalContainerEntityManagerFactoryBean.java:341) [spring-orm-5.1.14.RELEASE.jar:5.1.14.RELEASE]
	at org.springframework.beans.factory.support.AbstractAutowireCapableBeanFactory.invokeInitMethods(AbstractAutowireCapableBeanFactory.java:1830) [spring-beans-5.1.14.RELEASE.jar:5.1.14.RELEASE]
	at org.springframework.beans.factory.support.AbstractAutowireCapableBeanFactory.initializeBean(AbstractAutowireCapableBeanFactory.java:1767) [spring-beans-5.1.14.RELEASE.jar:5.1.14.RELEASE]
	at org.springframework.beans.factory.support.AbstractAutowireCapableBeanFactory.doCreateBean(AbstractAutowireCapableBeanFactory.java:593) [spring-beans-5.1.14.RELEASE.jar:5.1.14.RELEASE]
	at org.springframework.beans.factory.support.AbstractAutowireCapableBeanFactory.createBean(AbstractAutowireCapableBeanFactory.java:515) [spring-beans-5.1.14.RELEASE.jar:5.1.14.RELEASE]
	at org.springframework.beans.factory.support.AbstractBeanFactory.lambda$doGetBean$0(AbstractBeanFactory.java:320) [spring-beans-5.1.14.RELEASE.jar:5.1.14.RELEASE]
	at org.springframework.beans.factory.support.DefaultSingletonBeanRegistry.getSingleton(DefaultSingletonBeanRegistry.java:222) ~[spring-beans-5.1.14.RELEASE.jar:5.1.14.RELEASE]
	at org.springframework.beans.factory.support.AbstractBeanFactory.doGetBean(AbstractBeanFactory.java:318) [spring-beans-5.1.14.RELEASE.jar:5.1.14.RELEASE]
	at org.springframework.beans.factory.support.AbstractBeanFactory.getBean(AbstractBeanFactory.java:199) [spring-beans-5.1.14.RELEASE.jar:5.1.14.RELEASE]
	at org.springframework.context.support.AbstractApplicationContext.getBean(AbstractApplicationContext.java:1105) ~[spring-context-5.1.14.RELEASE.jar:5.1.14.RELEASE]
	at org.springframework.context.support.AbstractApplicationContext.finishBeanFactoryInitialization(AbstractApplicationContext.java:867) ~[spring-context-5.1.14.RELEASE.jar:5.1.14.RELEASE]
	at org.springframework.context.support.AbstractApplicationContext.refresh(AbstractApplicationContext.java:549) ~[spring-context-5.1.14.RELEASE.jar:5.1.14.RELEASE]
	at org.springframework.boot.web.servlet.context.ServletWebServerApplicationContext.refresh(ServletWebServerApplicationContext.java:141) ~[spring-boot-2.1.14.BUILD-SNAPSHOT.jar:2.1.14.BUILD-SNAPSHOT]
	at org.springframework.boot.SpringApplication.refresh(SpringApplication.java:744) ~[spring-boot-2.1.14.BUILD-SNAPSHOT.jar:2.1.14.BUILD-SNAPSHOT]
	at org.springframework.boot.SpringApplication.refreshContext(SpringApplication.java:391) ~[spring-boot-2.1.14.BUILD-SNAPSHOT.jar:2.1.14.BUILD-SNAPSHOT]
	at org.springframework.boot.SpringApplication.run(SpringApplication.java:312) ~[spring-boot-2.1.14.BUILD-SNAPSHOT.jar:2.1.14.BUILD-SNAPSHOT]
	at org.springframework.boot.SpringApplication.run(SpringApplication.java:1215) ~[spring-boot-2.1.14.BUILD-SNAPSHOT.jar:2.1.14.BUILD-SNAPSHOT]
	at org.springframework.boot.SpringApplication.run(SpringApplication.java:1204) ~[spring-boot-2.1.14.BUILD-SNAPSHOT.jar:2.1.14.BUILD-SNAPSHOT]
	at tn.esprit.spring.PiSpringBootApplication.main(PiSpringBootApplication.java:10) ~[classes/:na]
Caused by: java.sql.SQLSyntaxErrorException: La table 'springdb.user_dispo' n'existe pas
	at com.mysql.cj.jdbc.exceptions.SQLError.createSQLException(SQLError.java:120) ~[mysql-connector-java-8.0.19.jar:8.0.19]
	at com.mysql.cj.jdbc.exceptions.SQLError.createSQLException(SQLError.java:97) ~[mysql-connector-java-8.0.19.jar:8.0.19]
	at com.mysql.cj.jdbc.exceptions.SQLExceptionsMapping.translateException(SQLExceptionsMapping.java:122) ~[mysql-connector-java-8.0.19.jar:8.0.19]
	at com.mysql.cj.jdbc.StatementImpl.executeInternal(StatementImpl.java:764) ~[mysql-connector-java-8.0.19.jar:8.0.19]
	at com.mysql.cj.jdbc.StatementImpl.execute(StatementImpl.java:648) ~[mysql-connector-java-8.0.19.jar:8.0.19]
	at com.zaxxer.hikari.pool.ProxyStatement.execute(ProxyStatement.java:95) ~[HikariCP-3.2.0.jar:na]
	at com.zaxxer.hikari.pool.HikariProxyStatement.execute(HikariProxyStatement.java) ~[HikariCP-3.2.0.jar:na]
	at org.hibernate.tool.schema.internal.exec.GenerationTargetToDatabase.accept(GenerationTargetToDatabase.java:54) ~[hibernate-core-5.3.15.Final.jar:5.3.15.Final]
	... 35 common frames omitted

2020-04-13 06:09:49.880  INFO 19152 --- [main] o.h.t.schema.internal.SchemaCreatorImpl  : HHH000476: Executing import script 'org.hibernate.tool.schema.internal.exec.ScriptSourceInputNonExistentImpl@1d3c112a'
2020-04-13 06:09:49.893  INFO 19152 --- [main] j.LocalContainerEntityManagerFactoryBean : Initialized JPA EntityManagerFactory for persistence unit 'default'
2020-04-13 06:09:50.290  INFO 19152 --- [main] o.h.h.i.QueryTranslatorFactoryInitiator  : HHH000397: Using ASTQueryTranslatorFactory
2020-04-13 06:09:50.620  INFO 19152 --- [main] o.s.s.concurrent.ThreadPoolTaskExecutor  : Initializing ExecutorService 'applicationTaskExecutor'
2020-04-13 06:09:50.660  WARN 19152 --- [main] aWebConfiguration$JpaWebMvcConfiguration : spring.jpa.open-in-view is enabled by default. Therefore, database queries may be performed during view rendering. Explicitly configure spring.jpa.open-in-view to disable this warning
2020-04-13 06:09:50.890  INFO 19152 --- [main] o.s.b.w.embedded.tomcat.TomcatWebServer  : Tomcat started on port(s): 8082 (http) with context path '/SpringMVC'
2020-04-13 06:09:50.890  INFO 19152 --- [main] t.esprit.spring.PiSpringBootApplication  : Started PiSpringBootApplication in 7.73 seconds (JVM running for 8.814)
