2020-04-14 12:49:56.223  INFO 4164 --- [main] com.example.demo.GestinuserApplication   : Starting GestinuserApplication on DESKTOP-UTBCUSE with PID 4164 (C:\Users\asus\Desktop\javaEE\sts-bundle\sts-3.9.4.RELEASE\gestinuser\target\classes started by asus in C:\Users\asus\Desktop\javaEE\sts-bundle\sts-3.9.4.RELEASE\gestinuser)
2020-04-14 12:49:56.257  INFO 4164 --- [main] com.example.demo.GestinuserApplication   : No active profile set, falling back to default profiles: default
2020-04-14 12:49:57.758  INFO 4164 --- [main] .s.d.r.c.RepositoryConfigurationDelegate : Bootstrapping Spring Data JPA repositories in DEFAULT mode.
2020-04-14 12:49:57.889  INFO 4164 --- [main] .s.d.r.c.RepositoryConfigurationDelegate : Finished Spring Data repository scanning in 90ms. Found 3 JPA repository interfaces.
2020-04-14 12:49:58.573  INFO 4164 --- [main] o.s.b.w.embedded.tomcat.TomcatWebServer  : Tomcat initialized with port(s): 8089 (http)
2020-04-14 12:49:58.596  INFO 4164 --- [main] o.apache.catalina.core.StandardService   : Starting service [Tomcat]
2020-04-14 12:49:58.596  INFO 4164 --- [main] org.apache.catalina.core.StandardEngine  : Starting Servlet engine: [Apache Tomcat/9.0.33]
2020-04-14 12:49:58.780  INFO 4164 --- [main] o.a.c.c.C.[Tomcat].[localhost].[/]       : Initializing Spring embedded WebApplicationContext
2020-04-14 12:49:58.780  INFO 4164 --- [main] o.s.web.context.ContextLoader            : Root WebApplicationContext: initialization completed in 2412 ms
2020-04-14 12:49:59.065  INFO 4164 --- [main] o.hibernate.jpa.internal.util.LogHelper  : HHH000204: Processing PersistenceUnitInfo [name: default]
2020-04-14 12:49:59.285  INFO 4164 --- [main] org.hibernate.Version                    : HHH000412: Hibernate ORM core version 5.4.12.Final
2020-04-14 12:49:59.624  INFO 4164 --- [main] o.hibernate.annotations.common.Version   : HCANN000001: Hibernate Commons Annotations {5.1.0.Final}
2020-04-14 12:49:59.872  INFO 4164 --- [main] com.zaxxer.hikari.HikariDataSource       : HikariPool-1 - Starting...
2020-04-14 12:50:00.692  INFO 4164 --- [main] com.zaxxer.hikari.HikariDataSource       : HikariPool-1 - Start completed.
2020-04-14 12:50:00.727  INFO 4164 --- [main] org.hibernate.dialect.Dialect            : HHH000400: Using dialect: org.hibernate.dialect.MySQL5InnoDBDialect
2020-04-14 12:50:02.230  INFO 4164 --- [main] o.h.e.t.j.p.i.JtaPlatformInitiator       : HHH000490: Using JtaPlatform implementation: [org.hibernate.engine.transaction.jta.platform.internal.NoJtaPlatform]
2020-04-14 12:50:02.235  INFO 4164 --- [main] j.LocalContainerEntityManagerFactoryBean : Initialized JPA EntityManagerFactory for persistence unit 'default'
2020-04-14 12:50:03.117  WARN 4164 --- [main] JpaBaseConfiguration$JpaWebConfiguration : spring.jpa.open-in-view is enabled by default. Therefore, database queries may be performed during view rendering. Explicitly configure spring.jpa.open-in-view to disable this warning
2020-04-14 12:50:03.566  INFO 4164 --- [main] o.s.s.web.DefaultSecurityFilterChain     : Creating filter chain: any request, [org.springframework.security.web.context.request.async.WebAsyncManagerIntegrationFilter@7708b66a, org.springframework.security.web.context.SecurityContextPersistenceFilter@72af90e8, org.springframework.security.web.header.HeaderWriterFilter@6c07ad6b, org.springframework.security.web.authentication.logout.LogoutFilter@7eaa2bc6, com.example.demo.config.JWTAuthorizationFilter@433ef204, com.example.demo.config.JWTAuthenticationFilter@4dd2ef54, org.springframework.security.web.savedrequest.RequestCacheAwareFilter@7faa0680, org.springframework.security.web.servletapi.SecurityContextHolderAwareRequestFilter@7ac5b4c, org.springframework.security.web.authentication.AnonymousAuthenticationFilter@795b66d, org.springframework.security.web.session.SessionManagementFilter@76e4212, org.springframework.security.web.access.ExceptionTranslationFilter@79add732, org.springframework.security.web.access.intercept.FilterSecurityInterceptor@3360283]
2020-04-14 12:50:03.768  INFO 4164 --- [main] o.s.s.concurrent.ThreadPoolTaskExecutor  : Initializing ExecutorService 'applicationTaskExecutor'
2020-04-14 12:50:04.127  INFO 4164 --- [main] o.s.b.w.embedded.tomcat.TomcatWebServer  : Tomcat started on port(s): 8089 (http) with context path ''
2020-04-14 12:50:04.129  INFO 4164 --- [main] com.example.demo.GestinuserApplication   : Started GestinuserApplication in 8.835 seconds (JVM running for 14.806)
2020-04-14 12:52:15.916  INFO 4164 --- [http-nio-8089-exec-1] o.a.c.c.C.[Tomcat].[localhost].[/]       : Initializing Spring DispatcherServlet 'dispatcherServlet'
2020-04-14 12:52:15.916  INFO 4164 --- [http-nio-8089-exec-1] o.s.web.servlet.DispatcherServlet        : Initializing Servlet 'dispatcherServlet'
2020-04-14 12:52:15.922  INFO 4164 --- [http-nio-8089-exec-1] o.s.web.servlet.DispatcherServlet        : Completed initialization in 6 ms
2020-04-14 13:22:55.159  INFO 4164 --- [RMI TCP Connection(3)-127.0.0.1] inMXBeanRegistrar$SpringApplicationAdmin : Application shutdown requested.
2020-04-14 13:22:55.159  INFO 4164 --- [RMI TCP Connection(2)-127.0.0.1] inMXBeanRegistrar$SpringApplicationAdmin : Application shutdown requested.
2020-04-14 13:22:55.166  INFO 4164 --- [RMI TCP Connection(3)-127.0.0.1] o.s.s.concurrent.ThreadPoolTaskExecutor  : Shutting down ExecutorService 'applicationTaskExecutor'
2020-04-14 13:22:55.168  INFO 4164 --- [RMI TCP Connection(3)-127.0.0.1] j.LocalContainerEntityManagerFactoryBean : Closing JPA EntityManagerFactory for persistence unit 'default'
2020-04-14 13:22:55.173  INFO 4164 --- [RMI TCP Connection(3)-127.0.0.1] com.zaxxer.hikari.HikariDataSource       : HikariPool-1 - Shutdown initiated...
2020-04-14 13:22:55.188  INFO 4164 --- [RMI TCP Connection(3)-127.0.0.1] com.zaxxer.hikari.HikariDataSource       : HikariPool-1 - Shutdown completed.
2020-04-14 13:22:59.632  INFO 5560 --- [main] com.example.demo.GestinuserApplication   : Starting GestinuserApplication on DESKTOP-UTBCUSE with PID 5560 (C:\Users\asus\Desktop\javaEE\sts-bundle\sts-3.9.4.RELEASE\gestinuser\target\classes started by asus in C:\Users\asus\Desktop\javaEE\sts-bundle\sts-3.9.4.RELEASE\gestinuser)
2020-04-14 13:22:59.644  INFO 5560 --- [main] com.example.demo.GestinuserApplication   : No active profile set, falling back to default profiles: default
2020-04-14 13:22:59.917  INFO 11756 --- [main] com.example.demo.GestinuserApplication   : Starting GestinuserApplication on DESKTOP-UTBCUSE with PID 11756 (C:\Users\asus\Desktop\javaEE\sts-bundle\sts-3.9.4.RELEASE\gestinuser\target\classes started by asus in C:\Users\asus\Desktop\javaEE\sts-bundle\sts-3.9.4.RELEASE\gestinuser)
2020-04-14 13:22:59.924  INFO 11756 --- [main] com.example.demo.GestinuserApplication   : No active profile set, falling back to default profiles: default
2020-04-14 13:23:00.823  INFO 5560 --- [main] .s.d.r.c.RepositoryConfigurationDelegate : Bootstrapping Spring Data JPA repositories in DEFAULT mode.
2020-04-14 13:23:00.853  INFO 11756 --- [main] .s.d.r.c.RepositoryConfigurationDelegate : Bootstrapping Spring Data JPA repositories in DEFAULT mode.
2020-04-14 13:23:00.915  INFO 5560 --- [main] .s.d.r.c.RepositoryConfigurationDelegate : Finished Spring Data repository scanning in 82ms. Found 3 JPA repository interfaces.
2020-04-14 13:23:00.946  INFO 11756 --- [main] .s.d.r.c.RepositoryConfigurationDelegate : Finished Spring Data repository scanning in 85ms. Found 3 JPA repository interfaces.
2020-04-14 13:23:01.506  INFO 5560 --- [main] o.s.b.w.embedded.tomcat.TomcatWebServer  : Tomcat initialized with port(s): 8089 (http)
2020-04-14 13:23:01.512  INFO 5560 --- [main] o.apache.catalina.core.StandardService   : Starting service [Tomcat]
2020-04-14 13:23:01.513  INFO 5560 --- [main] org.apache.catalina.core.StandardEngine  : Starting Servlet engine: [Apache Tomcat/9.0.33]
2020-04-14 13:23:01.531  INFO 11756 --- [main] o.s.b.w.embedded.tomcat.TomcatWebServer  : Tomcat initialized with port(s): 8089 (http)
2020-04-14 13:23:01.540  INFO 11756 --- [main] o.apache.catalina.core.StandardService   : Starting service [Tomcat]
2020-04-14 13:23:01.540  INFO 11756 --- [main] org.apache.catalina.core.StandardEngine  : Starting Servlet engine: [Apache Tomcat/9.0.33]
2020-04-14 13:23:01.686  INFO 5560 --- [main] o.a.c.c.C.[Tomcat].[localhost].[/]       : Initializing Spring embedded WebApplicationContext
2020-04-14 13:23:01.686  INFO 5560 --- [main] o.s.web.context.ContextLoader            : Root WebApplicationContext: initialization completed in 1969 ms
2020-04-14 13:23:01.708  INFO 11756 --- [main] o.a.c.c.C.[Tomcat].[localhost].[/]       : Initializing Spring embedded WebApplicationContext
2020-04-14 13:23:01.708  INFO 11756 --- [main] o.s.web.context.ContextLoader            : Root WebApplicationContext: initialization completed in 1724 ms
2020-04-14 13:23:01.930  INFO 11756 --- [main] o.hibernate.jpa.internal.util.LogHelper  : HHH000204: Processing PersistenceUnitInfo [name: default]
2020-04-14 13:23:01.936  INFO 5560 --- [main] o.hibernate.jpa.internal.util.LogHelper  : HHH000204: Processing PersistenceUnitInfo [name: default]
2020-04-14 13:23:02.009  INFO 11756 --- [main] org.hibernate.Version                    : HHH000412: Hibernate ORM core version 5.4.12.Final
2020-04-14 13:23:02.010  INFO 5560 --- [main] org.hibernate.Version                    : HHH000412: Hibernate ORM core version 5.4.12.Final
2020-04-14 13:23:02.150  INFO 11756 --- [main] o.hibernate.annotations.common.Version   : HCANN000001: Hibernate Commons Annotations {5.1.0.Final}
2020-04-14 13:23:02.168  INFO 5560 --- [main] o.hibernate.annotations.common.Version   : HCANN000001: Hibernate Commons Annotations {5.1.0.Final}
2020-04-14 13:23:02.257  INFO 11756 --- [main] com.zaxxer.hikari.HikariDataSource       : HikariPool-1 - Starting...
2020-04-14 13:23:02.265  INFO 5560 --- [main] com.zaxxer.hikari.HikariDataSource       : HikariPool-1 - Starting...
2020-04-14 13:23:02.725  INFO 11756 --- [main] com.zaxxer.hikari.HikariDataSource       : HikariPool-1 - Start completed.
2020-04-14 13:23:02.733  INFO 5560 --- [main] com.zaxxer.hikari.HikariDataSource       : HikariPool-1 - Start completed.
2020-04-14 13:23:02.841  INFO 5560 --- [main] org.hibernate.dialect.Dialect            : HHH000400: Using dialect: org.hibernate.dialect.MySQL5InnoDBDialect
2020-04-14 13:23:02.841  INFO 11756 --- [main] org.hibernate.dialect.Dialect            : HHH000400: Using dialect: org.hibernate.dialect.MySQL5InnoDBDialect
2020-04-14 13:23:04.565  INFO 11756 --- [main] o.h.e.t.j.p.i.JtaPlatformInitiator       : HHH000490: Using JtaPlatform implementation: [org.hibernate.engine.transaction.jta.platform.internal.NoJtaPlatform]
2020-04-14 13:23:04.565  INFO 5560 --- [main] o.h.e.t.j.p.i.JtaPlatformInitiator       : HHH000490: Using JtaPlatform implementation: [org.hibernate.engine.transaction.jta.platform.internal.NoJtaPlatform]
2020-04-14 13:23:04.580  INFO 5560 --- [main] j.LocalContainerEntityManagerFactoryBean : Initialized JPA EntityManagerFactory for persistence unit 'default'
2020-04-14 13:23:04.580  INFO 11756 --- [main] j.LocalContainerEntityManagerFactoryBean : Initialized JPA EntityManagerFactory for persistence unit 'default'
2020-04-14 13:23:05.074  WARN 11756 --- [main] JpaBaseConfiguration$JpaWebConfiguration : spring.jpa.open-in-view is enabled by default. Therefore, database queries may be performed during view rendering. Explicitly configure spring.jpa.open-in-view to disable this warning
2020-04-14 13:23:05.085  WARN 5560 --- [main] JpaBaseConfiguration$JpaWebConfiguration : spring.jpa.open-in-view is enabled by default. Therefore, database queries may be performed during view rendering. Explicitly configure spring.jpa.open-in-view to disable this warning
2020-04-14 13:23:05.288  INFO 11756 --- [main] o.s.s.web.DefaultSecurityFilterChain     : Creating filter chain: any request, [org.springframework.security.web.context.request.async.WebAsyncManagerIntegrationFilter@165614f5, org.springframework.security.web.context.SecurityContextPersistenceFilter@700b9e6b, org.springframework.security.web.header.HeaderWriterFilter@6a8a551e, org.springframework.security.web.authentication.logout.LogoutFilter@5bec3e0, com.example.demo.config.JWTAuthorizationFilter@6e685e6c, com.example.demo.config.JWTAuthenticationFilter@5b0902b4, org.springframework.security.web.savedrequest.RequestCacheAwareFilter@150fc7a7, org.springframework.security.web.servletapi.SecurityContextHolderAwareRequestFilter@615439f7, org.springframework.security.web.authentication.AnonymousAuthenticationFilter@9d3d54e, org.springframework.security.web.session.SessionManagementFilter@53982523, org.springframework.security.web.access.ExceptionTranslationFilter@4245bf68, org.springframework.security.web.access.intercept.FilterSecurityInterceptor@7767bd4e]
2020-04-14 13:23:05.298  INFO 5560 --- [main] o.s.s.web.DefaultSecurityFilterChain     : Creating filter chain: any request, [org.springframework.security.web.context.request.async.WebAsyncManagerIntegrationFilter@21002393, org.springframework.security.web.context.SecurityContextPersistenceFilter@47569167, org.springframework.security.web.header.HeaderWriterFilter@5bec3e0, org.springframework.security.web.authentication.logout.LogoutFilter@36510e73, com.example.demo.config.JWTAuthorizationFilter@718989fa, com.example.demo.config.JWTAuthenticationFilter@69f080ad, org.springframework.security.web.savedrequest.RequestCacheAwareFilter@4b93dd6a, org.springframework.security.web.servletapi.SecurityContextHolderAwareRequestFilter@31881aa2, org.springframework.security.web.authentication.AnonymousAuthenticationFilter@6568f998, org.springframework.security.web.session.SessionManagementFilter@35f7969d, org.springframework.security.web.access.ExceptionTranslationFilter@50cbcca7, org.springframework.security.web.access.intercept.FilterSecurityInterceptor@1860a7a1]
2020-04-14 13:23:05.526  INFO 11756 --- [main] o.s.s.concurrent.ThreadPoolTaskExecutor  : Initializing ExecutorService 'applicationTaskExecutor'
2020-04-14 13:23:05.529  INFO 5560 --- [main] o.s.s.concurrent.ThreadPoolTaskExecutor  : Initializing ExecutorService 'applicationTaskExecutor'
2020-04-14 13:23:05.913  INFO 5560 --- [main] o.s.b.w.embedded.tomcat.TomcatWebServer  : Tomcat started on port(s): 8089 (http) with context path ''
2020-04-14 13:23:05.916  INFO 5560 --- [main] com.example.demo.GestinuserApplication   : Started GestinuserApplication in 6.867 seconds (JVM running for 7.854)
2020-04-14 13:23:05.938  INFO 11756 --- [main] o.apache.catalina.core.StandardService   : Stopping service [Tomcat]
2020-04-14 13:23:05.957  INFO 11756 --- [main] ConditionEvaluationReportLoggingListener : 

Error starting ApplicationContext. To display the conditions report re-run your application with 'debug' enabled.
2020-04-14 13:23:05.969 ERROR 11756 --- [main] o.s.b.d.LoggingFailureAnalysisReporter   : 

***************************
APPLICATION FAILED TO START
***************************

Description:

Web server failed to start. Port 8089 was already in use.

Action:

Identify and stop the process that's listening on port 8089 or configure this application to listen on another port.

2020-04-14 13:23:05.974  INFO 11756 --- [main] o.s.s.concurrent.ThreadPoolTaskExecutor  : Shutting down ExecutorService 'applicationTaskExecutor'
2020-04-14 13:23:05.977  INFO 11756 --- [main] j.LocalContainerEntityManagerFactoryBean : Closing JPA EntityManagerFactory for persistence unit 'default'
2020-04-14 13:23:06.002  INFO 11756 --- [main] com.zaxxer.hikari.HikariDataSource       : HikariPool-1 - Shutdown initiated...
2020-04-14 13:23:06.029  INFO 11756 --- [main] com.zaxxer.hikari.HikariDataSource       : HikariPool-1 - Shutdown completed.
2020-04-14 13:23:19.324  INFO 5560 --- [RMI TCP Connection(2)-127.0.0.1] inMXBeanRegistrar$SpringApplicationAdmin : Application shutdown requested.
2020-04-14 13:23:19.328  INFO 5560 --- [RMI TCP Connection(2)-127.0.0.1] o.s.s.concurrent.ThreadPoolTaskExecutor  : Shutting down ExecutorService 'applicationTaskExecutor'
2020-04-14 13:23:19.330  INFO 5560 --- [RMI TCP Connection(2)-127.0.0.1] j.LocalContainerEntityManagerFactoryBean : Closing JPA EntityManagerFactory for persistence unit 'default'
2020-04-14 13:23:19.332  INFO 5560 --- [RMI TCP Connection(2)-127.0.0.1] com.zaxxer.hikari.HikariDataSource       : HikariPool-1 - Shutdown initiated...
2020-04-14 13:23:19.339  INFO 5560 --- [RMI TCP Connection(2)-127.0.0.1] com.zaxxer.hikari.HikariDataSource       : HikariPool-1 - Shutdown completed.
2020-04-14 13:23:22.928  INFO 15060 --- [main] com.example.demo.GestinuserApplication   : Starting GestinuserApplication on DESKTOP-UTBCUSE with PID 15060 (C:\Users\asus\Desktop\javaEE\sts-bundle\sts-3.9.4.RELEASE\gestinuser\target\classes started by asus in C:\Users\asus\Desktop\javaEE\sts-bundle\sts-3.9.4.RELEASE\gestinuser)
2020-04-14 13:23:22.930  INFO 15060 --- [main] com.example.demo.GestinuserApplication   : No active profile set, falling back to default profiles: default
2020-04-14 13:23:23.499  INFO 15060 --- [main] .s.d.r.c.RepositoryConfigurationDelegate : Bootstrapping Spring Data JPA repositories in DEFAULT mode.
2020-04-14 13:23:23.558  INFO 15060 --- [main] .s.d.r.c.RepositoryConfigurationDelegate : Finished Spring Data repository scanning in 53ms. Found 3 JPA repository interfaces.
2020-04-14 13:23:24.004  INFO 15060 --- [main] o.s.b.w.embedded.tomcat.TomcatWebServer  : Tomcat initialized with port(s): 8089 (http)
2020-04-14 13:23:24.011  INFO 15060 --- [main] o.apache.catalina.core.StandardService   : Starting service [Tomcat]
2020-04-14 13:23:24.013  INFO 15060 --- [main] org.apache.catalina.core.StandardEngine  : Starting Servlet engine: [Apache Tomcat/9.0.33]
2020-04-14 13:23:24.149  INFO 15060 --- [main] o.a.c.c.C.[Tomcat].[localhost].[/]       : Initializing Spring embedded WebApplicationContext
2020-04-14 13:23:24.150  INFO 15060 --- [main] o.s.web.context.ContextLoader            : Root WebApplicationContext: initialization completed in 1183 ms
2020-04-14 13:23:24.317  INFO 15060 --- [main] o.hibernate.jpa.internal.util.LogHelper  : HHH000204: Processing PersistenceUnitInfo [name: default]
2020-04-14 13:23:24.391  INFO 15060 --- [main] org.hibernate.Version                    : HHH000412: Hibernate ORM core version 5.4.12.Final
2020-04-14 13:23:24.498  INFO 15060 --- [main] o.hibernate.annotations.common.Version   : HCANN000001: Hibernate Commons Annotations {5.1.0.Final}
2020-04-14 13:23:24.564  INFO 15060 --- [main] com.zaxxer.hikari.HikariDataSource       : HikariPool-1 - Starting...
2020-04-14 13:23:24.762  INFO 15060 --- [main] com.zaxxer.hikari.HikariDataSource       : HikariPool-1 - Start completed.
2020-04-14 13:23:24.771  INFO 15060 --- [main] org.hibernate.dialect.Dialect            : HHH000400: Using dialect: org.hibernate.dialect.MySQL5InnoDBDialect
2020-04-14 13:23:25.368  INFO 15060 --- [main] o.h.e.t.j.p.i.JtaPlatformInitiator       : HHH000490: Using JtaPlatform implementation: [org.hibernate.engine.transaction.jta.platform.internal.NoJtaPlatform]
2020-04-14 13:23:25.371  INFO 15060 --- [main] j.LocalContainerEntityManagerFactoryBean : Initialized JPA EntityManagerFactory for persistence unit 'default'
2020-04-14 13:23:25.746  WARN 15060 --- [main] JpaBaseConfiguration$JpaWebConfiguration : spring.jpa.open-in-view is enabled by default. Therefore, database queries may be performed during view rendering. Explicitly configure spring.jpa.open-in-view to disable this warning
2020-04-14 13:23:25.924  INFO 15060 --- [main] o.s.s.web.DefaultSecurityFilterChain     : Creating filter chain: any request, [org.springframework.security.web.context.request.async.WebAsyncManagerIntegrationFilter@130a6eb9, org.springframework.security.web.context.SecurityContextPersistenceFilter@795b66d, org.springframework.security.web.header.HeaderWriterFilter@7767bd4e, org.springframework.security.web.authentication.logout.LogoutFilter@5f0f70c7, com.example.demo.config.JWTAuthorizationFilter@722531ab, com.example.demo.config.JWTAuthenticationFilter@8f57e4c, org.springframework.security.web.savedrequest.RequestCacheAwareFilter@1068176, org.springframework.security.web.servletapi.SecurityContextHolderAwareRequestFilter@333398f, org.springframework.security.web.authentication.AnonymousAuthenticationFilter@26fadd98, org.springframework.security.web.session.SessionManagementFilter@433ef204, org.springframework.security.web.access.ExceptionTranslationFilter@1304e0d7, org.springframework.security.web.access.intercept.FilterSecurityInterceptor@54247647]
2020-04-14 13:23:26.031  INFO 15060 --- [main] o.s.s.concurrent.ThreadPoolTaskExecutor  : Initializing ExecutorService 'applicationTaskExecutor'
2020-04-14 13:23:26.189  INFO 15060 --- [main] o.s.b.w.embedded.tomcat.TomcatWebServer  : Tomcat started on port(s): 8089 (http) with context path ''
2020-04-14 13:23:26.191  INFO 15060 --- [main] com.example.demo.GestinuserApplication   : Started GestinuserApplication in 3.593 seconds (JVM running for 4.549)
2020-04-14 13:24:39.077  INFO 15060 --- [http-nio-8089-exec-2] o.a.c.c.C.[Tomcat].[localhost].[/]       : Initializing Spring DispatcherServlet 'dispatcherServlet'
2020-04-14 13:24:39.080  INFO 15060 --- [http-nio-8089-exec-2] o.s.web.servlet.DispatcherServlet        : Initializing Servlet 'dispatcherServlet'
2020-04-14 13:24:39.091  INFO 15060 --- [http-nio-8089-exec-2] o.s.web.servlet.DispatcherServlet        : Completed initialization in 11 ms
2020-04-14 13:34:48.965  INFO 15060 --- [RMI TCP Connection(2)-127.0.0.1] inMXBeanRegistrar$SpringApplicationAdmin : Application shutdown requested.
2020-04-14 13:34:48.967  INFO 15060 --- [RMI TCP Connection(2)-127.0.0.1] o.s.s.concurrent.ThreadPoolTaskExecutor  : Shutting down ExecutorService 'applicationTaskExecutor'
2020-04-14 13:34:48.969  INFO 15060 --- [RMI TCP Connection(2)-127.0.0.1] j.LocalContainerEntityManagerFactoryBean : Closing JPA EntityManagerFactory for persistence unit 'default'
2020-04-14 13:34:48.971  INFO 15060 --- [RMI TCP Connection(2)-127.0.0.1] com.zaxxer.hikari.HikariDataSource       : HikariPool-1 - Shutdown initiated...
2020-04-14 13:34:48.980  INFO 15060 --- [RMI TCP Connection(2)-127.0.0.1] com.zaxxer.hikari.HikariDataSource       : HikariPool-1 - Shutdown completed.
2020-04-14 13:34:52.290  INFO 15392 --- [main] com.example.demo.GestinuserApplication   : Starting GestinuserApplication on DESKTOP-UTBCUSE with PID 15392 (C:\Users\asus\Desktop\javaEE\sts-bundle\sts-3.9.4.RELEASE\gestinuser\target\classes started by asus in C:\Users\asus\Desktop\javaEE\sts-bundle\sts-3.9.4.RELEASE\gestinuser)
2020-04-14 13:34:52.292  INFO 15392 --- [main] com.example.demo.GestinuserApplication   : No active profile set, falling back to default profiles: default
2020-04-14 13:34:52.866  INFO 15392 --- [main] .s.d.r.c.RepositoryConfigurationDelegate : Bootstrapping Spring Data JPA repositories in DEFAULT mode.
2020-04-14 13:34:52.929  INFO 15392 --- [main] .s.d.r.c.RepositoryConfigurationDelegate : Finished Spring Data repository scanning in 56ms. Found 3 JPA repository interfaces.
2020-04-14 13:34:53.333  INFO 15392 --- [main] o.s.b.w.embedded.tomcat.TomcatWebServer  : Tomcat initialized with port(s): 8089 (http)
2020-04-14 13:34:53.340  INFO 15392 --- [main] o.apache.catalina.core.StandardService   : Starting service [Tomcat]
2020-04-14 13:34:53.340  INFO 15392 --- [main] org.apache.catalina.core.StandardEngine  : Starting Servlet engine: [Apache Tomcat/9.0.33]
2020-04-14 13:34:53.432  INFO 15392 --- [main] o.a.c.c.C.[Tomcat].[localhost].[/]       : Initializing Spring embedded WebApplicationContext
2020-04-14 13:34:53.433  INFO 15392 --- [main] o.s.web.context.ContextLoader            : Root WebApplicationContext: initialization completed in 1096 ms
2020-04-14 13:34:53.591  INFO 15392 --- [main] o.hibernate.jpa.internal.util.LogHelper  : HHH000204: Processing PersistenceUnitInfo [name: default]
2020-04-14 13:34:53.664  INFO 15392 --- [main] org.hibernate.Version                    : HHH000412: Hibernate ORM core version 5.4.12.Final
2020-04-14 13:34:53.760  INFO 15392 --- [main] o.hibernate.annotations.common.Version   : HCANN000001: Hibernate Commons Annotations {5.1.0.Final}
2020-04-14 13:34:53.843  INFO 15392 --- [main] com.zaxxer.hikari.HikariDataSource       : HikariPool-1 - Starting...
2020-04-14 13:34:54.034  INFO 15392 --- [main] com.zaxxer.hikari.HikariDataSource       : HikariPool-1 - Start completed.
2020-04-14 13:34:54.043  INFO 15392 --- [main] org.hibernate.dialect.Dialect            : HHH000400: Using dialect: org.hibernate.dialect.MySQL5InnoDBDialect
2020-04-14 13:34:54.555  INFO 15392 --- [main] o.h.e.t.j.p.i.JtaPlatformInitiator       : HHH000490: Using JtaPlatform implementation: [org.hibernate.engine.transaction.jta.platform.internal.NoJtaPlatform]
2020-04-14 13:34:54.558  INFO 15392 --- [main] j.LocalContainerEntityManagerFactoryBean : Initialized JPA EntityManagerFactory for persistence unit 'default'
2020-04-14 13:34:55.065  WARN 15392 --- [main] JpaBaseConfiguration$JpaWebConfiguration : spring.jpa.open-in-view is enabled by default. Therefore, database queries may be performed during view rendering. Explicitly configure spring.jpa.open-in-view to disable this warning
2020-04-14 13:34:55.204  INFO 15392 --- [main] o.s.s.web.DefaultSecurityFilterChain     : Creating filter chain: any request, [org.springframework.security.web.context.request.async.WebAsyncManagerIntegrationFilter@74697863, org.springframework.security.web.context.SecurityContextPersistenceFilter@71c0b742, org.springframework.security.web.header.HeaderWriterFilter@39f0c343, org.springframework.security.web.authentication.logout.LogoutFilter@10ed037a, com.example.demo.config.JWTAuthorizationFilter@7d7ceca8, com.example.demo.config.JWTAuthenticationFilter@2bba35ef, org.springframework.security.web.savedrequest.RequestCacheAwareFilter@73e1ecd0, org.springframework.security.web.servletapi.SecurityContextHolderAwareRequestFilter@2d22d3b1, org.springframework.security.web.authentication.AnonymousAuthenticationFilter@26c7b1c6, org.springframework.security.web.session.SessionManagementFilter@2abc55c4, org.springframework.security.web.access.ExceptionTranslationFilter@3ca3648, org.springframework.security.web.access.intercept.FilterSecurityInterceptor@101330ad]
2020-04-14 13:34:55.315  INFO 15392 --- [main] o.s.s.concurrent.ThreadPoolTaskExecutor  : Initializing ExecutorService 'applicationTaskExecutor'
2020-04-14 13:34:55.483  INFO 15392 --- [main] o.s.b.w.embedded.tomcat.TomcatWebServer  : Tomcat started on port(s): 8089 (http) with context path ''
2020-04-14 13:34:55.484  INFO 15392 --- [main] com.example.demo.GestinuserApplication   : Started GestinuserApplication in 3.517 seconds (JVM running for 4.244)
2020-04-14 13:35:46.243  INFO 15392 --- [http-nio-8089-exec-2] o.a.c.c.C.[Tomcat].[localhost].[/]       : Initializing Spring DispatcherServlet 'dispatcherServlet'
2020-04-14 13:35:46.245  INFO 15392 --- [http-nio-8089-exec-2] o.s.web.servlet.DispatcherServlet        : Initializing Servlet 'dispatcherServlet'
2020-04-14 13:35:46.257  INFO 15392 --- [http-nio-8089-exec-2] o.s.web.servlet.DispatcherServlet        : Completed initialization in 12 ms
2020-04-14 18:23:56.754  WARN 15392 --- [HikariPool-1 housekeeper] com.zaxxer.hikari.pool.HikariPool        : HikariPool-1 - Thread starvation or clock leap detected (housekeeper delta=3h52m49s137ms61µs100ns).
